Subset version 1.11, date 9 May 2001      
Time 17:28:46     Date 17 Apr 2017
Variable      MinVal       MaxVal       Mean        Std.devn.   Range/stdev
Rainfall     0.1100D+02   0.5400D+02   0.3473D+02   0.1135D+02      3.8
Jan_Temp     0.2000D+02   0.5500D+02   0.3653D+02   0.1188D+02      2.9
Jul_Temp     0.6700D+02   0.8500D+02   0.7420D+02   0.5784D+01      3.1
%Over65      0.5600D+01   0.1130D+02   0.8393D+01   0.1495D+01      3.8
AvHHSize     0.2990D+01   0.3440D+01   0.3267D+01   0.1330D+00      3.4
Yrs_Educ     0.9600D+01   0.1220D+02   0.1107D+02   0.7995D+00      3.3
%GdHouse     0.7280D+02   0.9070D+02   0.8237D+02   0.4514D+01      4.0
PopDens      0.1844D+04   0.6582D+04   0.3769D+04   0.1327D+04      3.6
%NWhite      0.3000D+01   0.3140D+02   0.1183D+02   0.8020D+01      3.5
W_Collar     0.4250D+02   0.5190D+02   0.4611D+02   0.2809D+01      3.3
%Poor        0.9400D+01   0.2420D+02   0.1377D+02   0.3910D+01      3.8
HydCarb      0.1000D+01   0.6480D+03   0.6767D+02   0.1627D+03      4.0
NOx          0.1000D+01   0.3190D+03   0.3567D+02   0.7914D+02      4.0
SO2          0.1000D+01   0.2060D+03   0.5693D+02   0.6404D+02      3.2
RelHumid     0.4700D+02   0.7300D+02   0.5960D+02   0.6456D+01      4.0
MortRate     0.7907D+03   0.1113D+04   0.9457D+03   0.8210D+02      3.9
36.          0.1500D+02   0.5300D+02   0.3580D+02   0.8850D+01      4.3
27.          0.1200D+02   0.4500D+02   0.2893D+02   0.7815D+01      4.2
71.          0.6400D+02   0.8000D+02   0.7280D+02   0.3877D+01      4.1
8.1          0.7700D+01   0.1180D+02   0.9527D+01   0.1209D+01      3.4
3.34         0.3020D+01   0.3450D+01   0.3243D+01   0.1229D+00      3.5
11.4         0.9700D+01   0.1220D+02   0.1091D+02   0.8093D+00      3.1
81.5         0.6680D+02   0.8630D+02   0.7955D+02   0.4811D+01      4.1
3243.        0.1671D+04   0.7462D+04   0.3933D+04   0.1362D+04      4.3
8.8          0.1000D+01   0.3850D+02   0.9587D+01   0.9681D+01      3.9
42.6         0.3880D+02   0.5430D+02   0.4653D+02   0.4498D+01      3.4
11.7         0.9800D+01   0.2550D+02   0.1408D+02   0.3769D+01      4.2
21.          0.5000D+01   0.4100D+02   0.1893D+02   0.1245D+02      2.9
15.          0.2000D+01   0.3700D+02   0.1287D+02   0.1109D+02      3.2
59.          0.8000D+01   0.1930D+03   0.4787D+02   0.4923D+02      3.8
59.          0.3800D+02   0.7200D+02   0.5753D+02   0.6770D+01      5.0
921.870      0.8576D+03   0.1030D+04   0.9386D+03   0.5434D+02      3.2
35.          0.1000D+02   0.5200D+02   0.4000D+02   0.9813D+01      4.3
23.          0.2700D+02   0.5500D+02   0.3533D+02   0.7432D+01      3.8
72.          0.7000D+02   0.8200D+02   0.7647D+02   0.3182D+01      3.8
11.1         0.6100D+01   0.1120D+02   0.8613D+01   0.1684D+01      3.0
3.14         0.3080D+01   0.3490D+01   0.3272D+01   0.1286D+00      3.2
11.0         0.9000D+01   0.1230D+02   0.1078D+02   0.1082D+01      3.1
78.8         0.6920D+02   0.8950D+02   0.7984D+02   0.6829D+01      3.0
4281.        0.1883D+04   0.9699D+04   0.4193D+04   0.1961D+04      4.0
3.5          0.8000D+00   0.3670D+02   0.1391D+02   0.1049D+02      3.4
50.7         0.3860D+02   0.5970D+02   0.4541D+02   0.5505D+01      3.8
14.4         0.1030D+02   0.2640D+02   0.1585D+02   0.5116D+01      3.1
8.           0.5000D+01   0.1440D+03   0.2860D+02   0.3626D+02      3.8
10.          0.3000D+01   0.6600D+02   0.1853D+02   0.1730D+02      3.6
39.          0.4000D+01   0.1610D+03   0.5487D+02   0.4693D+02      3.3
57.          0.5200D+02   0.6100D+02   0.5580D+02   0.2513D+01      3.6
997.875      0.8397D+03   0.1018D+04   0.9517D+03   0.4632D+02      3.8
44.          0.1800D+02   0.6000D+02   0.3893D+02   0.9830D+01      4.3
29.          0.2400D+02   0.6700D+02   0.3513D+02   0.1186D+02      3.6
74.          0.6300D+02   0.8500D+02   0.7487D+02   0.5436D+01      4.0
10.4         0.6500D+01   0.1020D+02   0.8660D+01   0.1305D+01      2.8
3.21         0.2920D+01   0.3530D+01   0.3271D+01   0.1648D+00      3.7
9.8          0.9500D+01   0.1220D+02   0.1113D+02   0.6810D+00      4.0
81.6         0.7750D+02   0.8860D+02   0.8189D+02   0.3833D+01      2.9
4260.        0.1441D+04   0.6122D+04   0.3608D+04   0.1117D+04      4.2
.8           0.2900D+01   0.2860D+02   0.1216D+02   0.7558D+01      3.4
39.4         0.3380D+02   0.5160D+02   0.4628D+02   0.5524D+01      3.2
12.4         0.9500D+01   0.2240D+02   0.1380D+02   0.3756D+01      3.4
6.           0.1000D+01   0.3110D+03   0.3620D+02   0.7925D+02      3.9
6.           0.1000D+01   0.1710D+03   0.2353D+02   0.4538D+02      3.7

 ** Rank deficiency in data =           46  **
